Arguments: 
  D:\ProgramFiles\nodejs\node.exe D:\ProgramFiles\nodejs\node_modules\yarn\bin\yarn.js add vue-loader vue-remplate-compiler --dev

PATH: 
  C:\Program Files (x86)\Common Files\Oracle\Java\javapath;C:\WINDOWS\system32;C:\WINDOWS;C:\WINDOWS\System32\Wbem;C:\WINDOWS\System32\WindowsPowerShell\v1.0\;D:\ProgramFiles\SVN\bin;C:\WINDOWS\System32\OpenSSH\;C:\Program Files\TortoiseGit\bin;D:\git\Git\cmd;D:\ProgramFiles\nodejs\;"D:\ProgramFiles\JDK\bin;D:\ProgramFiles\JDK\jre\bin;";D:\ProgramFiles\Ruby23\bin;C:\Users\wangxincun\AppData\Local\Microsoft\WindowsApps;D:\ProgramFiles\Microsoft VS Code\bin;C:\Users\wangxincun\AppData\Roaming\npm;C:\Users\wangxincun\AppData\Local\Yarn\bin;

Yarn version: 
  1.22.5

Node version: 
  14.11.0

Platform: 
  win32 x64

Trace: 
  Error: https://registry.yarnpkg.com/vue-remplate-compiler: Not found
      at Request.params.callback [as _callback] (D:\ProgramFiles\nodejs\node_modules\yarn\lib\cli.js:66988:18)
      at Request.self.callback (D:\ProgramFiles\nodejs\node_modules\yarn\lib\cli.js:140662:22)
      at Request.emit (events.js:314:20)
      at Request.<anonymous> (D:\ProgramFiles\nodejs\node_modules\yarn\lib\cli.js:141634:10)
      at Request.emit (events.js:314:20)
      at IncomingMessage.<anonymous> (D:\ProgramFiles\nodejs\node_modules\yarn\lib\cli.js:141556:12)
      at Object.onceWrapper (events.js:420:28)
      at IncomingMessage.emit (events.js:326:22)
      at endReadableNT (_stream_readable.js:1252:12)
      at processTicksAndRejections (internal/process/task_queues.js:80:21)

npm manifest: 
  {
    "dependencies": {
      "vue": "^2.6.12"
    }
  }

yarn manifest: 
  No manifest

Lockfile: 
  # THIS IS AN AUTOGENERATED FILE. DO NOT EDIT THIS FILE DIRECTLY.
  # yarn lockfile v1
  
  
  vue@^2.6.12:
    version "2.6.12"
    resolved "https://registry.yarnpkg.com/vue/-/vue-2.6.12.tgz#f5ebd4fa6bd2869403e29a896aed4904456c9123"
    integrity sha512-uhmLFETqPPNyuLLbsKz6ioJ4q7AZHzD8ZVFNATNyICSZouqP2Sz0rotWQC8UNBF6VGSCs5abnKJoStA6JbCbfg==
